Build started 10.05.2014 17:18:17.
     1>Project "C:\Users\Дмитрий\Desktop\Homework\temp\temp\temp.vcxproj" on node 2 (Build target(s)).
     1>ClCompile:
         C:\Program Files (x86)\Microsoft Visual Studio 11.0\VC\bin\CL.exe /c /ZI /nologo /W3 /WX- /sdl /Od /Oy- /D WIN32 /D _DEBUG /D _CONSOLE /D _UNICODE /D UNICODE /Gm /EHsc /RTC1 /MDd /GS /fp:precise /Zc:wchar_t /Zc:forScope /Fo"Debug\\" /Fd"Debug\vc110.pdb" /Gd /TP /analyze- /errorReport:prompt main.cpp
         main.cpp
     1>c:\users\дмитрий\desktop\homework\temp\temp\main.cpp(10): error C4700: uninitialized local variable 'temp1' used
     1>Done Building Project "C:\Users\Дмитрий\Desktop\Homework\temp\temp\temp.vcxproj" (Build target(s)) -- FAILED.

Build FAILED.

Time Elapsed 00:00:00.63
